<?xml version="1.0" encoding="UTF-8"?>
<testsuite name="FailingTest" tests="1" skipped="0" failures="0" errors="0" timestamp="2022-05-08T18:23:23" hostname="SEN001619" time="0.002">
  <properties/>
  <testcase name="test2" classname="FailingTest" time="0.002"/>
  <system-out><![CDATA[]]></system-out>
  <system-err><![CDATA[]]></system-err>
</testsuite>
